<?xml version="1.0" encoding="UTF-8"?>
<testng-results skipped="0" failed="0" ignored="0" total="1" passed="1">
  <reporter-output>
  </reporter-output>
  <suite name="Default suite" duration-ms="32033" started-at="2018-10-27T15:13:09Z" finished-at="2018-10-27T15:13:41Z">
    <groups>
    </groups>
    <test name="Default test" duration-ms="32033" started-at="2018-10-27T15:13:09Z" finished-at="2018-10-27T15:13:41Z">
      <class name="Roboto.com.Nakuri">
        <test-method status="PASS" signature="setup()[pri:0, instance:Roboto.com.Nakuri@548e7350]" name="setup" duration-ms="31986" started-at="2018-10-27T15:13:09Z" finished-at="2018-10-27T15:13:41Z">
          <reporter-output>
          </reporter-output>
        </test-method> <!-- setup -->
      </class> <!-- Roboto.com.Nakuri -->
    </test> <!-- Default test -->
  </suite> <!-- Default suite -->
</testng-results>
